<?xml version='1.0' encoding='utf-8'?>
<testsuite errors="0" failures="0" name="flake8" tests="0" time="1" />