<?xml version="1.0" encoding="utf-8"?>
<testsuite errors="0" failures="0" name="mypy" skips="0" tests="1" time="0.865">
  <testcase classname="mypy" file="mypy" line="1" name="mypy-py3_6-win32" time="0.865">
  </testcase>
</testsuite>
